{
  "C:\\IronKey\\hes\\cscie-71\\project\\medical-interchange\\models\\item.js": {
    "path": "C:\\IronKey\\hes\\cscie-71\\project\\medical-interchange\\models\\item.js",
    "s": {
      "1": 1,
      "2": 1,
      "3": 1,
      "4": 1,
      "5": 1,
      "6": 1,
      "7": 1
    },
    "b": {},
    "f": {},
    "fnMap": {},
    "statementMap": {
      "1": {
        "start": {
          "line": 1,
          "column": 0
        },
        "end": {
          "line": 1,
          "column": 35
        }
      },
      "2": {
        "start": {
          "line": 2,
          "column": 0
        },
        "end": {
          "line": 2,
          "column": 29
        }
      },
      "3": {
        "start": {
          "line": 3,
          "column": 0
        },
        "end": {
          "line": 3,
          "column": 127
        }
      },
      "4": {
        "start": {
          "line": 5,
          "column": 0
        },
        "end": {
          "line": 10,
          "column": 3
        }
      },
      "5": {
        "start": {
          "line": 12,
          "column": 0
        },
        "end": {
          "line": 12,
          "column": 45
        }
      },
      "6": {
        "start": {
          "line": 13,
          "column": 0
        },
        "end": {
          "line": 13,
          "column": 42
        }
      },
      "7": {
        "start": {
          "line": 14,
          "column": 0
        },
        "end": {
          "line": 14,
          "column": 27
        }
      }
    },
    "branchMap": {}
  },
  "C:\\IronKey\\hes\\cscie-71\\project\\medical-interchange\\app.js": {
    "path": "C:\\IronKey\\hes\\cscie-71\\project\\medical-interchange\\app.js",
    "s": {
      "1": 1,
      "2": 1,
      "3": 1,
      "4": 1,
      "5": 1,
      "6": 1,
      "7": 1,
      "8": 1,
      "9": 0,
      "10": 0,
      "11": 1,
      "12": 1,
      "13": 1,
      "14": 1,
      "15": 1,
      "16": 1,
      "17": 1,
      "18": 1,
      "19": 1,
      "20": 1,
      "21": 1,
      "22": 1,
      "23": 1,
      "24": 1,
      "25": 1,
      "26": 1,
      "27": 1,
      "28": 1,
      "29": 0,
      "30": 0,
      "31": 1
    },
    "b": {
      "1": [
        0,
        1
      ],
      "2": [
        1,
        0
      ],
      "3": [
        0,
        1
      ]
    },
    "f": {
      "1": 1,
      "2": 0
    },
    "fnMap": {
      "1": {
        "name": "(anonymous_1)",
        "line": 10,
        "loc": {
          "start": {
            "line": 10,
            "column": 57
          },
          "end": {
            "line": 10,
            "column": 71
          }
        }
      },
      "2": {
        "name": "(anonymous_2)",
        "line": 59,
        "loc": {
          "start": {
            "line": 59,
            "column": 63
          },
          "end": {
            "line": 59,
            "column": 74
          }
        }
      }
    },
    "statementMap": {
      "1": {
        "start": {
          "line": 1,
          "column": 0
        },
        "end": {
          "line": 1,
          "column": 33
        }
      },
      "2": {
        "start": {
          "line": 2,
          "column": 0
        },
        "end": {
          "line": 2,
          "column": 27
        }
      },
      "3": {
        "start": {
          "line": 3,
          "column": 0
        },
        "end": {
          "line": 3,
          "column": 27
        }
      },
      "4": {
        "start": {
          "line": 4,
          "column": 0
        },
        "end": {
          "line": 4,
          "column": 35
        }
      },
      "5": {
        "start": {
          "line": 5,
          "column": 0
        },
        "end": {
          "line": 5,
          "column": 33
        }
      },
      "6": {
        "start": {
          "line": 7,
          "column": 0
        },
        "end": {
          "line": 7,
          "column": 51
        }
      },
      "7": {
        "start": {
          "line": 10,
          "column": 0
        },
        "end": {
          "line": 15,
          "column": 3
        }
      },
      "8": {
        "start": {
          "line": 11,
          "column": 4
        },
        "end": {
          "line": 14,
          "column": 5
        }
      },
      "9": {
        "start": {
          "line": 12,
          "column": 8
        },
        "end": {
          "line": 12,
          "column": 90
        }
      },
      "10": {
        "start": {
          "line": 13,
          "column": 8
        },
        "end": {
          "line": 13,
          "column": 24
        }
      },
      "11": {
        "start": {
          "line": 17,
          "column": 0
        },
        "end": {
          "line": 17,
          "column": 20
        }
      },
      "12": {
        "start": {
          "line": 20,
          "column": 0
        },
        "end": {
          "line": 20,
          "column": 28
        }
      },
      "13": {
        "start": {
          "line": 23,
          "column": 0
        },
        "end": {
          "line": 23,
          "column": 39
        }
      },
      "14": {
        "start": {
          "line": 24,
          "column": 0
        },
        "end": {
          "line": 24,
          "column": 31
        }
      },
      "15": {
        "start": {
          "line": 25,
          "column": 0
        },
        "end": {
          "line": 25,
          "column": 27
        }
      },
      "16": {
        "start": {
          "line": 26,
          "column": 0
        },
        "end": {
          "line": 26,
          "column": 31
        }
      },
      "17": {
        "start": {
          "line": 27,
          "column": 0
        },
        "end": {
          "line": 27,
          "column": 24
        }
      },
      "18": {
        "start": {
          "line": 28,
          "column": 0
        },
        "end": {
          "line": 28,
          "column": 30
        }
      },
      "19": {
        "start": {
          "line": 29,
          "column": 0
        },
        "end": {
          "line": 29,
          "column": 34
        }
      },
      "20": {
        "start": {
          "line": 30,
          "column": 0
        },
        "end": {
          "line": 30,
          "column": 45
        }
      },
      "21": {
        "start": {
          "line": 32,
          "column": 0
        },
        "end": {
          "line": 43,
          "column": 4
        }
      },
      "22": {
        "start": {
          "line": 46,
          "column": 0
        },
        "end": {
          "line": 46,
          "column": 20
        }
      },
      "23": {
        "start": {
          "line": 47,
          "column": 0
        },
        "end": {
          "line": 47,
          "column": 56
        }
      },
      "24": {
        "start": {
          "line": 50,
          "column": 0
        },
        "end": {
          "line": 52,
          "column": 1
        }
      },
      "25": {
        "start": {
          "line": 51,
          "column": 4
        },
        "end": {
          "line": 51,
          "column": 36
        }
      },
      "26": {
        "start": {
          "line": 54,
          "column": 0
        },
        "end": {
          "line": 54,
          "column": 26
        }
      },
      "27": {
        "start": {
          "line": 55,
          "column": 0
        },
        "end": {
          "line": 55,
          "column": 25
        }
      },
      "28": {
        "start": {
          "line": 58,
          "column": 0
        },
        "end": {
          "line": 65,
          "column": 1
        }
      },
      "29": {
        "start": {
          "line": 59,
          "column": 4
        },
        "end": {
          "line": 61,
          "column": 7
        }
      },
      "30": {
        "start": {
          "line": 60,
          "column": 8
        },
        "end": {
          "line": 60,
          "column": 115
        }
      },
      "31": {
        "start": {
          "line": 64,
          "column": 4
        },
        "end": {
          "line": 64,
          "column": 25
        }
      }
    },
    "branchMap": {
      "1": {
        "line": 11,
        "type": "if",
        "locations": [
          {
            "start": {
              "line": 11,
              "column": 4
            },
            "end": {
              "line": 11,
              "column": 4
            }
          },
          {
            "start": {
              "line": 11,
              "column": 4
            },
            "end": {
              "line": 11,
              "column": 4
            }
          }
        ]
      },
      "2": {
        "line": 50,
        "type": "if",
        "locations": [
          {
            "start": {
              "line": 50,
              "column": 0
            },
            "end": {
              "line": 50,
              "column": 0
            }
          },
          {
            "start": {
              "line": 50,
              "column": 0
            },
            "end": {
              "line": 50,
              "column": 0
            }
          }
        ]
      },
      "3": {
        "line": 58,
        "type": "if",
        "locations": [
          {
            "start": {
              "line": 58,
              "column": 0
            },
            "end": {
              "line": 58,
              "column": 0
            }
          },
          {
            "start": {
              "line": 58,
              "column": 0
            },
            "end": {
              "line": 58,
              "column": 0
            }
          }
        ]
      }
    }
  },
  "C:\\IronKey\\hes\\cscie-71\\project\\medical-interchange\\config\\index.js": {
    "path": "C:\\IronKey\\hes\\cscie-71\\project\\medical-interchange\\config\\index.js",
    "s": {
      "1": 1,
      "2": 1,
      "3": 1,
      "4": 1,
      "5": 2,
      "6": 2,
      "7": 1
    },
    "b": {
      "1": [
        1,
        1
      ],
      "2": [
        2,
        0
      ]
    },
    "f": {},
    "fnMap": {},
    "statementMap": {
      "1": {
        "start": {
          "line": 1,
          "column": 0
        },
        "end": {
          "line": 1,
          "column": 37
        }
      },
      "2": {
        "start": {
          "line": 3,
          "column": 0
        },
        "end": {
          "line": 3,
          "column": 48
        }
      },
      "3": {
        "start": {
          "line": 4,
          "column": 0
        },
        "end": {
          "line": 4,
          "column": 36
        }
      },
      "4": {
        "start": {
          "line": 6,
          "column": 0
        },
        "end": {
          "line": 10,
          "column": 1
        }
      },
      "5": {
        "start": {
          "line": 7,
          "column": 4
        },
        "end": {
          "line": 9,
          "column": 5
        }
      },
      "6": {
        "start": {
          "line": 8,
          "column": 8
        },
        "end": {
          "line": 8,
          "column": 39
        }
      },
      "7": {
        "start": {
          "line": 12,
          "column": 0
        },
        "end": {
          "line": 12,
          "column": 26
        }
      }
    },
    "branchMap": {
      "1": {
        "line": 3,
        "type": "binary-expr",
        "locations": [
          {
            "start": {
              "line": 3,
              "column": 10
            },
            "end": {
              "line": 3,
              "column": 30
            }
          },
          {
            "start": {
              "line": 3,
              "column": 34
            },
            "end": {
              "line": 3,
              "column": 47
            }
          }
        ]
      },
      "2": {
        "line": 7,
        "type": "if",
        "locations": [
          {
            "start": {
              "line": 7,
              "column": 4
            },
            "end": {
              "line": 7,
              "column": 4
            }
          },
          {
            "start": {
              "line": 7,
              "column": 4
            },
            "end": {
              "line": 7,
              "column": 4
            }
          }
        ]
      }
    }
  },
  "C:\\IronKey\\hes\\cscie-71\\project\\medical-interchange\\config\\defaults.js": {
    "path": "C:\\IronKey\\hes\\cscie-71\\project\\medical-interchange\\config\\defaults.js",
    "s": {
      "1": 1
    },
    "b": {},
    "f": {},
    "fnMap": {},
    "statementMap": {
      "1": {
        "start": {
          "line": 1,
          "column": 0
        },
        "end": {
          "line": 6,
          "column": 2
        }
      }
    },
    "branchMap": {}
  },
  "C:\\IronKey\\hes\\cscie-71\\project\\medical-interchange\\config\\development.js": {
    "path": "C:\\IronKey\\hes\\cscie-71\\project\\medical-interchange\\config\\development.js",
    "s": {
      "1": 1
    },
    "b": {
      "1": [
        1,
        1
      ]
    },
    "f": {},
    "fnMap": {},
    "statementMap": {
      "1": {
        "start": {
          "line": 1,
          "column": 0
        },
        "end": {
          "line": 4,
          "column": 2
        }
      }
    },
    "branchMap": {
      "1": {
        "line": 2,
        "type": "binary-expr",
        "locations": [
          {
            "start": {
              "line": 2,
              "column": 11
            },
            "end": {
              "line": 2,
              "column": 27
            }
          },
          {
            "start": {
              "line": 2,
              "column": 31
            },
            "end": {
              "line": 2,
              "column": 33
            }
          }
        ]
      }
    }
  },
  "C:\\IronKey\\hes\\cscie-71\\project\\medical-interchange\\helpers.js": {
    "path": "C:\\IronKey\\hes\\cscie-71\\project\\medical-interchange\\helpers.js",
    "s": {
      "1": 1,
      "2": 1,
      "3": 1,
      "4": 1,
      "5": 36,
      "6": 28,
      "7": 28,
      "8": 28,
      "9": 28,
      "10": 28,
      "11": 28,
      "12": 0,
      "13": 2764,
      "14": 0,
      "15": 2764,
      "16": 0,
      "17": 0,
      "18": 0,
      "19": 0,
      "20": 0,
      "21": 0
    },
    "b": {
      "1": [
        28,
        8
      ],
      "2": [
        36,
        36
      ],
      "3": [
        28,
        0
      ],
      "4": [
        28,
        28
      ],
      "5": [
        28,
        0
      ],
      "6": [
        0,
        0
      ],
      "7": [
        0,
        2764
      ],
      "8": [
        0,
        0
      ],
      "9": [
        0,
        0
      ]
    },
    "f": {
      "1": 1,
      "2": 36,
      "3": 2764,
      "4": 0
    },
    "fnMap": {
      "1": {
        "name": "(anonymous_1)",
        "line": 5,
        "loc": {
          "start": {
            "line": 5,
            "column": 17
          },
          "end": {
            "line": 5,
            "column": 31
          }
        }
      },
      "2": {
        "name": "(anonymous_2)",
        "line": 7,
        "loc": {
          "start": {
            "line": 7,
            "column": 19
          },
          "end": {
            "line": 7,
            "column": 45
          }
        }
      },
      "3": {
        "name": "(anonymous_3)",
        "line": 23,
        "loc": {
          "start": {
            "line": 23,
            "column": 18
          },
          "end": {
            "line": 23,
            "column": 34
          }
        }
      },
      "4": {
        "name": "(anonymous_4)",
        "line": 31,
        "loc": {
          "start": {
            "line": 31,
            "column": 21
          },
          "end": {
            "line": 31,
            "column": 36
          }
        }
      }
    },
    "statementMap": {
      "1": {
        "start": {
          "line": 1,
          "column": 0
        },
        "end": {
          "line": 1,
          "column": 27
        }
      },
      "2": {
        "start": {
          "line": 3,
          "column": 0
        },
        "end": {
          "line": 3,
          "column": 59
        }
      },
      "3": {
        "start": {
          "line": 5,
          "column": 0
        },
        "end": {
          "line": 44,
          "column": 2
        }
      },
      "4": {
        "start": {
          "line": 6,
          "column": 4
        },
        "end": {
          "line": 43,
          "column": 7
        }
      },
      "5": {
        "start": {
          "line": 8,
          "column": 12
        },
        "end": {
          "line": 20,
          "column": 13
        }
      },
      "6": {
        "start": {
          "line": 9,
          "column": 16
        },
        "end": {
          "line": 19,
          "column": 17
        }
      },
      "7": {
        "start": {
          "line": 10,
          "column": 20
        },
        "end": {
          "line": 10,
          "column": 55
        }
      },
      "8": {
        "start": {
          "line": 12,
          "column": 20
        },
        "end": {
          "line": 16,
          "column": 21
        }
      },
      "9": {
        "start": {
          "line": 13,
          "column": 24
        },
        "end": {
          "line": 13,
          "column": 96
        }
      },
      "10": {
        "start": {
          "line": 14,
          "column": 24
        },
        "end": {
          "line": 14,
          "column": 79
        }
      },
      "11": {
        "start": {
          "line": 15,
          "column": 24
        },
        "end": {
          "line": 15,
          "column": 62
        }
      },
      "12": {
        "start": {
          "line": 18,
          "column": 20
        },
        "end": {
          "line": 18,
          "column": 78
        }
      },
      "13": {
        "start": {
          "line": 24,
          "column": 12
        },
        "end": {
          "line": 26,
          "column": 13
        }
      },
      "14": {
        "start": {
          "line": 25,
          "column": 16
        },
        "end": {
          "line": 25,
          "column": 50
        }
      },
      "15": {
        "start": {
          "line": 28,
          "column": 12
        },
        "end": {
          "line": 28,
          "column": 25
        }
      },
      "16": {
        "start": {
          "line": 33,
          "column": 12
        },
        "end": {
          "line": 39,
          "column": 13
        }
      },
      "17": {
        "start": {
          "line": 35,
          "column": 16
        },
        "end": {
          "line": 35,
          "column": 41
        }
      },
      "18": {
        "start": {
          "line": 36,
          "column": 16
        },
        "end": {
          "line": 36,
          "column": 48
        }
      },
      "19": {
        "start": {
          "line": 37,
          "column": 16
        },
        "end": {
          "line": 37,
          "column": 46
        }
      },
      "20": {
        "start": {
          "line": 38,
          "column": 16
        },
        "end": {
          "line": 38,
          "column": 80
        }
      },
      "21": {
        "start": {
          "line": 41,
          "column": 12
        },
        "end": {
          "line": 41,
          "column": 24
        }
      }
    },
    "branchMap": {
      "1": {
        "line": 8,
        "type": "if",
        "locations": [
          {
            "start": {
              "line": 8,
              "column": 12
            },
            "end": {
              "line": 8,
              "column": 12
            }
          },
          {
            "start": {
              "line": 8,
              "column": 12
            },
            "end": {
              "line": 8,
              "column": 12
            }
          }
        ]
      },
      "2": {
        "line": 8,
        "type": "binary-expr",
        "locations": [
          {
            "start": {
              "line": 8,
              "column": 16
            },
            "end": {
              "line": 8,
              "column": 21
            }
          },
          {
            "start": {
              "line": 8,
              "column": 25
            },
            "end": {
              "line": 8,
              "column": 37
            }
          }
        ]
      },
      "3": {
        "line": 9,
        "type": "if",
        "locations": [
          {
            "start": {
              "line": 9,
              "column": 16
            },
            "end": {
              "line": 9,
              "column": 16
            }
          },
          {
            "start": {
              "line": 9,
              "column": 16
            },
            "end": {
              "line": 9,
              "column": 16
            }
          }
        ]
      },
      "4": {
        "line": 9,
        "type": "binary-expr",
        "locations": [
          {
            "start": {
              "line": 9,
              "column": 20
            },
            "end": {
              "line": 9,
              "column": 28
            }
          },
          {
            "start": {
              "line": 9,
              "column": 32
            },
            "end": {
              "line": 9,
              "column": 54
            }
          }
        ]
      },
      "5": {
        "line": 12,
        "type": "if",
        "locations": [
          {
            "start": {
              "line": 12,
              "column": 20
            },
            "end": {
              "line": 12,
              "column": 20
            }
          },
          {
            "start": {
              "line": 12,
              "column": 20
            },
            "end": {
              "line": 12,
              "column": 20
            }
          }
        ]
      },
      "6": {
        "line": 18,
        "type": "binary-expr",
        "locations": [
          {
            "start": {
              "line": 18,
              "column": 49
            },
            "end": {
              "line": 18,
              "column": 59
            }
          },
          {
            "start": {
              "line": 18,
              "column": 63
            },
            "end": {
              "line": 18,
              "column": 76
            }
          }
        ]
      },
      "7": {
        "line": 24,
        "type": "if",
        "locations": [
          {
            "start": {
              "line": 24,
              "column": 12
            },
            "end": {
              "line": 24,
              "column": 12
            }
          },
          {
            "start": {
              "line": 24,
              "column": 12
            },
            "end": {
              "line": 24,
              "column": 12
            }
          }
        ]
      },
      "8": {
        "line": 33,
        "type": "if",
        "locations": [
          {
            "start": {
              "line": 33,
              "column": 12
            },
            "end": {
              "line": 33,
              "column": 12
            }
          },
          {
            "start": {
              "line": 33,
              "column": 12
            },
            "end": {
              "line": 33,
              "column": 12
            }
          }
        ]
      },
      "9": {
        "line": 38,
        "type": "cond-expr",
        "locations": [
          {
            "start": {
              "line": 38,
              "column": 50
            },
            "end": {
              "line": 38,
              "column": 59
            }
          },
          {
            "start": {
              "line": 38,
              "column": 61
            },
            "end": {
              "line": 38,
              "column": 66
            }
          }
        ]
      }
    }
  },
  "C:\\IronKey\\hes\\cscie-71\\project\\medical-interchange\\routes\\index.js": {
    "path": "C:\\IronKey\\hes\\cscie-71\\project\\medical-interchange\\routes\\index.js",
    "s": {
      "1": 1,
      "2": 1,
      "3": 1,
      "4": 1,
      "5": 9,
      "6": 1,
      "7": 8,
      "8": 8,
      "9": 8,
      "10": 8,
      "11": 8,
      "12": 8,
      "13": 8,
      "14": 8,
      "15": 0,
      "16": 0,
      "17": 0,
      "18": 1,
      "19": 1,
      "20": 1,
      "21": 0,
      "22": 1
    },
    "b": {
      "1": [
        8,
        0
      ],
      "2": [
        8,
        0
      ],
      "3": [
        0,
        0
      ]
    },
    "f": {
      "1": 1,
      "2": 9,
      "3": 8,
      "4": 1,
      "5": 0
    },
    "fnMap": {
      "1": {
        "name": "(anonymous_1)",
        "line": 6,
        "loc": {
          "start": {
            "line": 6,
            "column": 20
          },
          "end": {
            "line": 6,
            "column": 39
          }
        }
      },
      "2": {
        "name": "(anonymous_2)",
        "line": 7,
        "loc": {
          "start": {
            "line": 7,
            "column": 43
          },
          "end": {
            "line": 7,
            "column": 58
          }
        }
      },
      "3": {
        "name": "(anonymous_3)",
        "line": 11,
        "loc": {
          "start": {
            "line": 11,
            "column": 18
          },
          "end": {
            "line": 11,
            "column": 33
          }
        }
      },
      "4": {
        "name": "(anonymous_4)",
        "line": 34,
        "loc": {
          "start": {
            "line": 34,
            "column": 13
          },
          "end": {
            "line": 34,
            "column": 27
          }
        }
      },
      "5": {
        "name": "(anonymous_5)",
        "line": 38,
        "loc": {
          "start": {
            "line": 38,
            "column": 17
          },
          "end": {
            "line": 38,
            "column": 36
          }
        }
      }
    },
    "statementMap": {
      "1": {
        "start": {
          "line": 1,
          "column": 0
        },
        "end": {
          "line": 2,
          "column": 23
        }
      },
      "2": {
        "start": {
          "line": 4,
          "column": 0
        },
        "end": {
          "line": 4,
          "column": 20
        }
      },
      "3": {
        "start": {
          "line": 6,
          "column": 0
        },
        "end": {
          "line": 32,
          "column": 1
        }
      },
      "4": {
        "start": {
          "line": 7,
          "column": 4
        },
        "end": {
          "line": 9,
          "column": 7
        }
      },
      "5": {
        "start": {
          "line": 8,
          "column": 8
        },
        "end": {
          "line": 8,
          "column": 56
        }
      },
      "6": {
        "start": {
          "line": 11,
          "column": 4
        },
        "end": {
          "line": 31,
          "column": 7
        }
      },
      "7": {
        "start": {
          "line": 12,
          "column": 8
        },
        "end": {
          "line": 12,
          "column": 48
        }
      },
      "8": {
        "start": {
          "line": 14,
          "column": 8
        },
        "end": {
          "line": 14,
          "column": 45
        }
      },
      "9": {
        "start": {
          "line": 16,
          "column": 8
        },
        "end": {
          "line": 30,
          "column": 9
        }
      },
      "10": {
        "start": {
          "line": 17,
          "column": 12
        },
        "end": {
          "line": 26,
          "column": 13
        }
      },
      "11": {
        "start": {
          "line": 18,
          "column": 16
        },
        "end": {
          "line": 18,
          "column": 57
        }
      },
      "12": {
        "start": {
          "line": 19,
          "column": 16
        },
        "end": {
          "line": 19,
          "column": 34
        }
      },
      "13": {
        "start": {
          "line": 21,
          "column": 16
        },
        "end": {
          "line": 23,
          "column": 17
        }
      },
      "14": {
        "start": {
          "line": 22,
          "column": 20
        },
        "end": {
          "line": 22,
          "column": 55
        }
      },
      "15": {
        "start": {
          "line": 25,
          "column": 16
        },
        "end": {
          "line": 25,
          "column": 98
        }
      },
      "16": {
        "start": {
          "line": 27,
          "column": 15
        },
        "end": {
          "line": 30,
          "column": 9
        }
      },
      "17": {
        "start": {
          "line": 29,
          "column": 12
        },
        "end": {
          "line": 29,
          "column": 53
        }
      },
      "18": {
        "start": {
          "line": 34,
          "column": 0
        },
        "end": {
          "line": 41,
          "column": 1
        }
      },
      "19": {
        "start": {
          "line": 35,
          "column": 4
        },
        "end": {
          "line": 35,
          "column": 34
        }
      },
      "20": {
        "start": {
          "line": 38,
          "column": 4
        },
        "end": {
          "line": 40,
          "column": 6
        }
      },
      "21": {
        "start": {
          "line": 39,
          "column": 8
        },
        "end": {
          "line": 39,
          "column": 57
        }
      },
      "22": {
        "start": {
          "line": 43,
          "column": 0
        },
        "end": {
          "line": 43,
          "column": 24
        }
      }
    },
    "branchMap": {
      "1": {
        "line": 16,
        "type": "if",
        "locations": [
          {
            "start": {
              "line": 16,
              "column": 8
            },
            "end": {
              "line": 16,
              "column": 8
            }
          },
          {
            "start": {
              "line": 16,
              "column": 8
            },
            "end": {
              "line": 16,
              "column": 8
            }
          }
        ]
      },
      "2": {
        "line": 21,
        "type": "if",
        "locations": [
          {
            "start": {
              "line": 21,
              "column": 16
            },
            "end": {
              "line": 21,
              "column": 16
            }
          },
          {
            "start": {
              "line": 21,
              "column": 16
            },
            "end": {
              "line": 21,
              "column": 16
            }
          }
        ]
      },
      "3": {
        "line": 27,
        "type": "if",
        "locations": [
          {
            "start": {
              "line": 27,
              "column": 15
            },
            "end": {
              "line": 27,
              "column": 15
            }
          },
          {
            "start": {
              "line": 27,
              "column": 15
            },
            "end": {
              "line": 27,
              "column": 15
            }
          }
        ]
      }
    }
  },
  "C:\\IronKey\\hes\\cscie-71\\project\\medical-interchange\\routes\\about.js": {
    "path": "C:\\IronKey\\hes\\cscie-71\\project\\medical-interchange\\routes\\about.js",
    "s": {
      "1": 1,
      "2": 1,
      "3": 1,
      "4": 0,
      "5": 1
    },
    "b": {},
    "f": {
      "1": 1,
      "2": 0
    },
    "fnMap": {
      "1": {
        "name": "(anonymous_1)",
        "line": 2,
        "loc": {
          "start": {
            "line": 2,
            "column": 17
          },
          "end": {
            "line": 2,
            "column": 32
          }
        }
      },
      "2": {
        "name": "(anonymous_2)",
        "line": 3,
        "loc": {
          "start": {
            "line": 3,
            "column": 22
          },
          "end": {
            "line": 3,
            "column": 42
          }
        }
      }
    },
    "statementMap": {
      "1": {
        "start": {
          "line": 1,
          "column": 0
        },
        "end": {
          "line": 1,
          "column": 44
        }
      },
      "2": {
        "start": {
          "line": 2,
          "column": 0
        },
        "end": {
          "line": 6,
          "column": 2
        }
      },
      "3": {
        "start": {
          "line": 3,
          "column": 4
        },
        "end": {
          "line": 5,
          "column": 7
        }
      },
      "4": {
        "start": {
          "line": 4,
          "column": 8
        },
        "end": {
          "line": 4,
          "column": 28
        }
      },
      "5": {
        "start": {
          "line": 9,
          "column": 0
        },
        "end": {
          "line": 12,
          "column": 2
        }
      }
    },
    "branchMap": {}
  },
  "C:\\IronKey\\hes\\cscie-71\\project\\medical-interchange\\lib\\model-mapper.js": {
    "path": "C:\\IronKey\\hes\\cscie-71\\project\\medical-interchange\\lib\\model-mapper.js",
    "s": {
      "1": 1,
      "2": 1,
      "3": 1,
      "4": 1,
      "5": 1,
      "6": 1,
      "7": 1,
      "8": 1,
      "9": 6,
      "10": 0,
      "11": 0,
      "12": 6,
      "13": 1,
      "14": 5,
      "15": 0,
      "16": 0,
      "17": 0,
      "18": 0,
      "19": 0,
      "20": 5,
      "21": 0,
      "22": 0,
      "23": 1,
      "24": 1
    },
    "b": {
      "1": [
        1,
        1
      ],
      "2": [
        1,
        1
      ],
      "3": [
        0,
        6
      ],
      "4": [
        0,
        0
      ],
      "5": [
        1,
        5
      ],
      "6": [
        0,
        5
      ],
      "7": [
        0,
        0
      ],
      "8": [
        0,
        0
      ],
      "9": [
        0,
        0,
        0
      ],
      "10": [
        0,
        5
      ]
    },
    "f": {
      "1": 1,
      "2": 1,
      "3": 6,
      "4": 1
    },
    "fnMap": {
      "1": {
        "name": "(anonymous_1)",
        "line": 3,
        "loc": {
          "start": {
            "line": 3,
            "column": 18
          },
          "end": {
            "line": 3,
            "column": 40
          }
        }
      },
      "2": {
        "name": "(anonymous_2)",
        "line": 10,
        "loc": {
          "start": {
            "line": 10,
            "column": 27
          },
          "end": {
            "line": 10,
            "column": 43
          }
        }
      },
      "3": {
        "name": "(anonymous_3)",
        "line": 12,
        "loc": {
          "start": {
            "line": 12,
            "column": 26
          },
          "end": {
            "line": 12,
            "column": 46
          }
        }
      },
      "4": {
        "name": "(anonymous_4)",
        "line": 42,
        "loc": {
          "start": {
            "line": 42,
            "column": 21
          },
          "end": {
            "line": 42,
            "column": 43
          }
        }
      }
    },
    "statementMap": {
      "1": {
        "start": {
          "line": 1,
          "column": 0
        },
        "end": {
          "line": 1,
          "column": 27
        }
      },
      "2": {
        "start": {
          "line": 3,
          "column": 0
        },
        "end": {
          "line": 8,
          "column": 1
        }
      },
      "3": {
        "start": {
          "line": 4,
          "column": 4
        },
        "end": {
          "line": 4,
          "column": 25
        }
      },
      "4": {
        "start": {
          "line": 5,
          "column": 4
        },
        "end": {
          "line": 5,
          "column": 25
        }
      },
      "5": {
        "start": {
          "line": 7,
          "column": 4
        },
        "end": {
          "line": 7,
          "column": 61
        }
      },
      "6": {
        "start": {
          "line": 10,
          "column": 0
        },
        "end": {
          "line": 40,
          "column": 1
        }
      },
      "7": {
        "start": {
          "line": 11,
          "column": 4
        },
        "end": {
          "line": 11,
          "column": 20
        }
      },
      "8": {
        "start": {
          "line": 12,
          "column": 4
        },
        "end": {
          "line": 39,
          "column": 7
        }
      },
      "9": {
        "start": {
          "line": 13,
          "column": 8
        },
        "end": {
          "line": 17,
          "column": 9
        }
      },
      "10": {
        "start": {
          "line": 14,
          "column": 12
        },
        "end": {
          "line": 16,
          "column": 13
        }
      },
      "11": {
        "start": {
          "line": 15,
          "column": 16
        },
        "end": {
          "line": 15,
          "column": 23
        }
      },
      "12": {
        "start": {
          "line": 19,
          "column": 8
        },
        "end": {
          "line": 21,
          "column": 9
        }
      },
      "13": {
        "start": {
          "line": 20,
          "column": 12
        },
        "end": {
          "line": 20,
          "column": 19
        }
      },
      "14": {
        "start": {
          "line": 23,
          "column": 8
        },
        "end": {
          "line": 38,
          "column": 9
        }
      },
      "15": {
        "start": {
          "line": 24,
          "column": 12
        },
        "end": {
          "line": 24,
          "column": 44
        }
      },
      "16": {
        "start": {
          "line": 26,
          "column": 12
        },
        "end": {
          "line": 30,
          "column": 13
        }
      },
      "17": {
        "start": {
          "line": 27,
          "column": 16
        },
        "end": {
          "line": 29,
          "column": 17
        }
      },
      "18": {
        "start": {
          "line": 28,
          "column": 20
        },
        "end": {
          "line": 28,
          "column": 46
        }
      },
      "19": {
        "start": {
          "line": 32,
          "column": 12
        },
        "end": {
          "line": 32,
          "column": 80
        }
      },
      "20": {
        "start": {
          "line": 34,
          "column": 13
        },
        "end": {
          "line": 38,
          "column": 9
        }
      },
      "21": {
        "start": {
          "line": 35,
          "column": 12
        },
        "end": {
          "line": 35,
          "column": 41
        }
      },
      "22": {
        "start": {
          "line": 37,
          "column": 12
        },
        "end": {
          "line": 37,
          "column": 34
        }
      },
      "23": {
        "start": {
          "line": 42,
          "column": 0
        },
        "end": {
          "line": 44,
          "column": 1
        }
      },
      "24": {
        "start": {
          "line": 43,
          "column": 4
        },
        "end": {
          "line": 43,
          "column": 40
        }
      }
    },
    "branchMap": {
      "1": {
        "line": 5,
        "type": "binary-expr",
        "locations": [
          {
            "start": {
              "line": 5,
              "column": 15
            },
            "end": {
              "line": 5,
              "column": 18
            }
          },
          {
            "start": {
              "line": 5,
              "column": 22
            },
            "end": {
              "line": 5,
              "column": 24
            }
          }
        ]
      },
      "2": {
        "line": 7,
        "type": "binary-expr",
        "locations": [
          {
            "start": {
              "line": 7,
              "column": 24
            },
            "end": {
              "line": 7,
              "column": 41
            }
          },
          {
            "start": {
              "line": 7,
              "column": 45
            },
            "end": {
              "line": 7,
              "column": 60
            }
          }
        ]
      },
      "3": {
        "line": 13,
        "type": "if",
        "locations": [
          {
            "start": {
              "line": 13,
              "column": 8
            },
            "end": {
              "line": 13,
              "column": 8
            }
          },
          {
            "start": {
              "line": 13,
              "column": 8
            },
            "end": {
              "line": 13,
              "column": 8
            }
          }
        ]
      },
      "4": {
        "line": 14,
        "type": "if",
        "locations": [
          {
            "start": {
              "line": 14,
              "column": 12
            },
            "end": {
              "line": 14,
              "column": 12
            }
          },
          {
            "start": {
              "line": 14,
              "column": 12
            },
            "end": {
              "line": 14,
              "column": 12
            }
          }
        ]
      },
      "5": {
        "line": 19,
        "type": "if",
        "locations": [
          {
            "start": {
              "line": 19,
              "column": 8
            },
            "end": {
              "line": 19,
              "column": 8
            }
          },
          {
            "start": {
              "line": 19,
              "column": 8
            },
            "end": {
              "line": 19,
              "column": 8
            }
          }
        ]
      },
      "6": {
        "line": 23,
        "type": "if",
        "locations": [
          {
            "start": {
              "line": 23,
              "column": 8
            },
            "end": {
              "line": 23,
              "column": 8
            }
          },
          {
            "start": {
              "line": 23,
              "column": 8
            },
            "end": {
              "line": 23,
              "column": 8
            }
          }
        ]
      },
      "7": {
        "line": 26,
        "type": "if",
        "locations": [
          {
            "start": {
              "line": 26,
              "column": 12
            },
            "end": {
              "line": 26,
              "column": 12
            }
          },
          {
            "start": {
              "line": 26,
              "column": 12
            },
            "end": {
              "line": 26,
              "column": 12
            }
          }
        ]
      },
      "8": {
        "line": 27,
        "type": "if",
        "locations": [
          {
            "start": {
              "line": 27,
              "column": 16
            },
            "end": {
              "line": 27,
              "column": 16
            }
          },
          {
            "start": {
              "line": 27,
              "column": 16
            },
            "end": {
              "line": 27,
              "column": 16
            }
          }
        ]
      },
      "9": {
        "line": 32,
        "type": "binary-expr",
        "locations": [
          {
            "start": {
              "line": 32,
              "column": 27
            },
            "end": {
              "line": 32,
              "column": 43
            }
          },
          {
            "start": {
              "line": 32,
              "column": 47
            },
            "end": {
              "line": 32,
              "column": 60
            }
          },
          {
            "start": {
              "line": 32,
              "column": 64
            },
            "end": {
              "line": 32,
              "column": 78
            }
          }
        ]
      },
      "10": {
        "line": 34,
        "type": "if",
        "locations": [
          {
            "start": {
              "line": 34,
              "column": 13
            },
            "end": {
              "line": 34,
              "column": 13
            }
          },
          {
            "start": {
              "line": 34,
              "column": 13
            },
            "end": {
              "line": 34,
              "column": 13
            }
          }
        ]
      }
    }
  },
  "C:\\IronKey\\hes\\cscie-71\\project\\medical-interchange\\routes\\beneficiaries.js": {
    "path": "C:\\IronKey\\hes\\cscie-71\\project\\medical-interchange\\routes\\beneficiaries.js",
    "s": {
      "1": 1,
      "2": 1,
      "3": 1,
      "4": 0,
      "5": 1
    },
    "b": {},
    "f": {
      "1": 1,
      "2": 0
    },
    "fnMap": {
      "1": {
        "name": "(anonymous_1)",
        "line": 2,
        "loc": {
          "start": {
            "line": 2,
            "column": 17
          },
          "end": {
            "line": 2,
            "column": 32
          }
        }
      },
      "2": {
        "name": "(anonymous_2)",
        "line": 3,
        "loc": {
          "start": {
            "line": 3,
            "column": 30
          },
          "end": {
            "line": 3,
            "column": 50
          }
        }
      }
    },
    "statementMap": {
      "1": {
        "start": {
          "line": 1,
          "column": 0
        },
        "end": {
          "line": 1,
          "column": 44
        }
      },
      "2": {
        "start": {
          "line": 2,
          "column": 0
        },
        "end": {
          "line": 6,
          "column": 2
        }
      },
      "3": {
        "start": {
          "line": 3,
          "column": 4
        },
        "end": {
          "line": 5,
          "column": 7
        }
      },
      "4": {
        "start": {
          "line": 4,
          "column": 8
        },
        "end": {
          "line": 4,
          "column": 51
        }
      },
      "5": {
        "start": {
          "line": 9,
          "column": 0
        },
        "end": {
          "line": 12,
          "column": 2
        }
      }
    },
    "branchMap": {}
  },
  "C:\\IronKey\\hes\\cscie-71\\project\\medical-interchange\\routes\\conditions.js": {
    "path": "C:\\IronKey\\hes\\cscie-71\\project\\medical-interchange\\routes\\conditions.js",
    "s": {
      "1": 1,
      "2": 1,
      "3": 1,
      "4": 0,
      "5": 1
    },
    "b": {},
    "f": {
      "1": 1,
      "2": 0
    },
    "fnMap": {
      "1": {
        "name": "(anonymous_1)",
        "line": 2,
        "loc": {
          "start": {
            "line": 2,
            "column": 17
          },
          "end": {
            "line": 2,
            "column": 31
          }
        }
      },
      "2": {
        "name": "(anonymous_2)",
        "line": 3,
        "loc": {
          "start": {
            "line": 3,
            "column": 24
          },
          "end": {
            "line": 3,
            "column": 43
          }
        }
      }
    },
    "statementMap": {
      "1": {
        "start": {
          "line": 1,
          "column": 0
        },
        "end": {
          "line": 1,
          "column": 44
        }
      },
      "2": {
        "start": {
          "line": 2,
          "column": 0
        },
        "end": {
          "line": 6,
          "column": 2
        }
      },
      "3": {
        "start": {
          "line": 3,
          "column": 1
        },
        "end": {
          "line": 5,
          "column": 7
        }
      },
      "4": {
        "start": {
          "line": 4,
          "column": 8
        },
        "end": {
          "line": 4,
          "column": 39
        }
      },
      "5": {
        "start": {
          "line": 9,
          "column": 0
        },
        "end": {
          "line": 12,
          "column": 2
        }
      }
    },
    "branchMap": {}
  },
  "C:\\IronKey\\hes\\cscie-71\\project\\medical-interchange\\routes\\contact.js": {
    "path": "C:\\IronKey\\hes\\cscie-71\\project\\medical-interchange\\routes\\contact.js",
    "s": {
      "1": 1,
      "2": 1,
      "3": 1,
      "4": 0,
      "5": 1
    },
    "b": {},
    "f": {
      "1": 1,
      "2": 0
    },
    "fnMap": {
      "1": {
        "name": "(anonymous_1)",
        "line": 2,
        "loc": {
          "start": {
            "line": 2,
            "column": 17
          },
          "end": {
            "line": 2,
            "column": 32
          }
        }
      },
      "2": {
        "name": "(anonymous_2)",
        "line": 3,
        "loc": {
          "start": {
            "line": 3,
            "column": 24
          },
          "end": {
            "line": 3,
            "column": 44
          }
        }
      }
    },
    "statementMap": {
      "1": {
        "start": {
          "line": 1,
          "column": 0
        },
        "end": {
          "line": 1,
          "column": 44
        }
      },
      "2": {
        "start": {
          "line": 2,
          "column": 0
        },
        "end": {
          "line": 6,
          "column": 2
        }
      },
      "3": {
        "start": {
          "line": 3,
          "column": 4
        },
        "end": {
          "line": 5,
          "column": 7
        }
      },
      "4": {
        "start": {
          "line": 4,
          "column": 8
        },
        "end": {
          "line": 4,
          "column": 30
        }
      },
      "5": {
        "start": {
          "line": 9,
          "column": 0
        },
        "end": {
          "line": 12,
          "column": 2
        }
      }
    },
    "branchMap": {}
  },
  "C:\\IronKey\\hes\\cscie-71\\project\\medical-interchange\\routes\\donors.js": {
    "path": "C:\\IronKey\\hes\\cscie-71\\project\\medical-interchange\\routes\\donors.js",
    "s": {
      "1": 1,
      "2": 1,
      "3": 1,
      "4": 0,
      "5": 1
    },
    "b": {},
    "f": {
      "1": 1,
      "2": 0
    },
    "fnMap": {
      "1": {
        "name": "(anonymous_1)",
        "line": 2,
        "loc": {
          "start": {
            "line": 2,
            "column": 17
          },
          "end": {
            "line": 2,
            "column": 32
          }
        }
      },
      "2": {
        "name": "(anonymous_2)",
        "line": 3,
        "loc": {
          "start": {
            "line": 3,
            "column": 23
          },
          "end": {
            "line": 3,
            "column": 43
          }
        }
      }
    },
    "statementMap": {
      "1": {
        "start": {
          "line": 1,
          "column": 0
        },
        "end": {
          "line": 1,
          "column": 44
        }
      },
      "2": {
        "start": {
          "line": 2,
          "column": 0
        },
        "end": {
          "line": 6,
          "column": 2
        }
      },
      "3": {
        "start": {
          "line": 3,
          "column": 4
        },
        "end": {
          "line": 5,
          "column": 7
        }
      },
      "4": {
        "start": {
          "line": 4,
          "column": 8
        },
        "end": {
          "line": 4,
          "column": 44
        }
      },
      "5": {
        "start": {
          "line": 9,
          "column": 0
        },
        "end": {
          "line": 12,
          "column": 2
        }
      }
    },
    "branchMap": {}
  },
  "C:\\IronKey\\hes\\cscie-71\\project\\medical-interchange\\routes\\item.js": {
    "path": "C:\\IronKey\\hes\\cscie-71\\project\\medical-interchange\\routes\\item.js",
    "s": {
      "1": 1,
      "2": 1,
      "3": 1,
      "4": 5,
      "5": 5,
      "6": 0,
      "7": 5,
      "8": 5,
      "9": 1,
      "10": 9,
      "11": 9,
      "12": 1,
      "13": 1,
      "14": 1,
      "15": 7,
      "16": 7,
      "17": 7,
      "18": 7,
      "19": 0,
      "20": 1,
      "21": 1,
      "22": 1,
      "23": 1,
      "24": 1,
      "25": 1,
      "26": 0,
      "27": 1,
      "28": 1,
      "29": 1,
      "30": 1,
      "31": 1,
      "32": 1,
      "33": 1,
      "34": 1,
      "35": 1
    },
    "b": {
      "1": [
        0,
        5
      ],
      "2": [
        7,
        0
      ],
      "3": [
        0,
        1
      ]
    },
    "f": {
      "1": 1,
      "2": 5,
      "3": 5,
      "4": 9,
      "5": 9,
      "6": 1,
      "7": 7,
      "8": 7,
      "9": 1,
      "10": 1,
      "11": 1,
      "12": 1,
      "13": 1,
      "14": 1,
      "15": 1
    },
    "fnMap": {
      "1": {
        "name": "(anonymous_1)",
        "line": 4,
        "loc": {
          "start": {
            "line": 4,
            "column": 17
          },
          "end": {
            "line": 4,
            "column": 31
          }
        }
      },
      "2": {
        "name": "(anonymous_2)",
        "line": 6,
        "loc": {
          "start": {
            "line": 6,
            "column": 24
          },
          "end": {
            "line": 6,
            "column": 53
          }
        }
      },
      "3": {
        "name": "(anonymous_3)",
        "line": 7,
        "loc": {
          "start": {
            "line": 7,
            "column": 26
          },
          "end": {
            "line": 7,
            "column": 46
          }
        }
      },
      "4": {
        "name": "(anonymous_4)",
        "line": 17,
        "loc": {
          "start": {
            "line": 17,
            "column": 22
          },
          "end": {
            "line": 17,
            "column": 41
          }
        }
      },
      "5": {
        "name": "(anonymous_5)",
        "line": 18,
        "loc": {
          "start": {
            "line": 18,
            "column": 22
          },
          "end": {
            "line": 18,
            "column": 43
          }
        }
      },
      "6": {
        "name": "(anonymous_6)",
        "line": 23,
        "loc": {
          "start": {
            "line": 23,
            "column": 29
          },
          "end": {
            "line": 23,
            "column": 48
          }
        }
      },
      "7": {
        "name": "(anonymous_7)",
        "line": 27,
        "loc": {
          "start": {
            "line": 27,
            "column": 30
          },
          "end": {
            "line": 27,
            "column": 49
          }
        }
      },
      "8": {
        "name": "(anonymous_8)",
        "line": 30,
        "loc": {
          "start": {
            "line": 30,
            "column": 18
          },
          "end": {
            "line": 30,
            "column": 32
          }
        }
      },
      "9": {
        "name": "(anonymous_9)",
        "line": 41,
        "loc": {
          "start": {
            "line": 41,
            "column": 35
          },
          "end": {
            "line": 41,
            "column": 54
          }
        }
      },
      "10": {
        "name": "(anonymous_10)",
        "line": 45,
        "loc": {
          "start": {
            "line": 45,
            "column": 36
          },
          "end": {
            "line": 45,
            "column": 55
          }
        }
      },
      "11": {
        "name": "(anonymous_11)",
        "line": 48,
        "loc": {
          "start": {
            "line": 48,
            "column": 29
          },
          "end": {
            "line": 48,
            "column": 43
          }
        }
      },
      "12": {
        "name": "(anonymous_12)",
        "line": 57,
        "loc": {
          "start": {
            "line": 57,
            "column": 37
          },
          "end": {
            "line": 57,
            "column": 56
          }
        }
      },
      "13": {
        "name": "(anonymous_13)",
        "line": 61,
        "loc": {
          "start": {
            "line": 61,
            "column": 37
          },
          "end": {
            "line": 61,
            "column": 56
          }
        }
      },
      "14": {
        "name": "(anonymous_14)",
        "line": 65,
        "loc": {
          "start": {
            "line": 65,
            "column": 38
          },
          "end": {
            "line": 65,
            "column": 57
          }
        }
      },
      "15": {
        "name": "(anonymous_15)",
        "line": 66,
        "loc": {
          "start": {
            "line": 66,
            "column": 53
          },
          "end": {
            "line": 66,
            "column": 67
          }
        }
      }
    },
    "statementMap": {
      "1": {
        "start": {
          "line": 1,
          "column": 0
        },
        "end": {
          "line": 2,
          "column": 44
        }
      },
      "2": {
        "start": {
          "line": 4,
          "column": 0
        },
        "end": {
          "line": 70,
          "column": 1
        }
      },
      "3": {
        "start": {
          "line": 6,
          "column": 4
        },
        "end": {
          "line": 15,
          "column": 7
        }
      },
      "4": {
        "start": {
          "line": 7,
          "column": 8
        },
        "end": {
          "line": 14,
          "column": 11
        }
      },
      "5": {
        "start": {
          "line": 8,
          "column": 12
        },
        "end": {
          "line": 13,
          "column": 13
        }
      },
      "6": {
        "start": {
          "line": 9,
          "column": 16
        },
        "end": {
          "line": 9,
          "column": 26
        }
      },
      "7": {
        "start": {
          "line": 11,
          "column": 16
        },
        "end": {
          "line": 11,
          "column": 39
        }
      },
      "8": {
        "start": {
          "line": 12,
          "column": 16
        },
        "end": {
          "line": 12,
          "column": 23
        }
      },
      "9": {
        "start": {
          "line": 17,
          "column": 4
        },
        "end": {
          "line": 21,
          "column": 7
        }
      },
      "10": {
        "start": {
          "line": 18,
          "column": 8
        },
        "end": {
          "line": 20,
          "column": 11
        }
      },
      "11": {
        "start": {
          "line": 19,
          "column": 12
        },
        "end": {
          "line": 19,
          "column": 56
        }
      },
      "12": {
        "start": {
          "line": 23,
          "column": 4
        },
        "end": {
          "line": 25,
          "column": 7
        }
      },
      "13": {
        "start": {
          "line": 24,
          "column": 8
        },
        "end": {
          "line": 24,
          "column": 95
        }
      },
      "14": {
        "start": {
          "line": 27,
          "column": 4
        },
        "end": {
          "line": 39,
          "column": 7
        }
      },
      "15": {
        "start": {
          "line": 28,
          "column": 8
        },
        "end": {
          "line": 28,
          "column": 38
        }
      },
      "16": {
        "start": {
          "line": 30,
          "column": 8
        },
        "end": {
          "line": 38,
          "column": 11
        }
      },
      "17": {
        "start": {
          "line": 31,
          "column": 12
        },
        "end": {
          "line": 37,
          "column": 13
        }
      },
      "18": {
        "start": {
          "line": 32,
          "column": 16
        },
        "end": {
          "line": 34,
          "column": 19
        }
      },
      "19": {
        "start": {
          "line": 36,
          "column": 16
        },
        "end": {
          "line": 36,
          "column": 39
        }
      },
      "20": {
        "start": {
          "line": 41,
          "column": 4
        },
        "end": {
          "line": 43,
          "column": 7
        }
      },
      "21": {
        "start": {
          "line": 42,
          "column": 8
        },
        "end": {
          "line": 42,
          "column": 74
        }
      },
      "22": {
        "start": {
          "line": 45,
          "column": 4
        },
        "end": {
          "line": 55,
          "column": 7
        }
      },
      "23": {
        "start": {
          "line": 46,
          "column": 8
        },
        "end": {
          "line": 46,
          "column": 49
        }
      },
      "24": {
        "start": {
          "line": 48,
          "column": 8
        },
        "end": {
          "line": 54,
          "column": 11
        }
      },
      "25": {
        "start": {
          "line": 49,
          "column": 12
        },
        "end": {
          "line": 53,
          "column": 13
        }
      },
      "26": {
        "start": {
          "line": 50,
          "column": 16
        },
        "end": {
          "line": 50,
          "column": 82
        }
      },
      "27": {
        "start": {
          "line": 52,
          "column": 16
        },
        "end": {
          "line": 52,
          "column": 39
        }
      },
      "28": {
        "start": {
          "line": 57,
          "column": 4
        },
        "end": {
          "line": 59,
          "column": 7
        }
      },
      "29": {
        "start": {
          "line": 58,
          "column": 8
        },
        "end": {
          "line": 58,
          "column": 34
        }
      },
      "30": {
        "start": {
          "line": 61,
          "column": 4
        },
        "end": {
          "line": 63,
          "column": 7
        }
      },
      "31": {
        "start": {
          "line": 62,
          "column": 8
        },
        "end": {
          "line": 62,
          "column": 34
        }
      },
      "32": {
        "start": {
          "line": 65,
          "column": 4
        },
        "end": {
          "line": 69,
          "column": 7
        }
      },
      "33": {
        "start": {
          "line": 66,
          "column": 12
        },
        "end": {
          "line": 68,
          "column": 15
        }
      },
      "34": {
        "start": {
          "line": 67,
          "column": 20
        },
        "end": {
          "line": 67,
          "column": 43
        }
      },
      "35": {
        "start": {
          "line": 73,
          "column": 0
        },
        "end": {
          "line": 76,
          "column": 1
        }
      }
    },
    "branchMap": {
      "1": {
        "line": 8,
        "type": "if",
        "locations": [
          {
            "start": {
              "line": 8,
              "column": 12
            },
            "end": {
              "line": 8,
              "column": 12
            }
          },
          {
            "start": {
              "line": 8,
              "column": 12
            },
            "end": {
              "line": 8,
              "column": 12
            }
          }
        ]
      },
      "2": {
        "line": 31,
        "type": "if",
        "locations": [
          {
            "start": {
              "line": 31,
              "column": 12
            },
            "end": {
              "line": 31,
              "column": 12
            }
          },
          {
            "start": {
              "line": 31,
              "column": 12
            },
            "end": {
              "line": 31,
              "column": 12
            }
          }
        ]
      },
      "3": {
        "line": 49,
        "type": "if",
        "locations": [
          {
            "start": {
              "line": 49,
              "column": 12
            },
            "end": {
              "line": 49,
              "column": 12
            }
          },
          {
            "start": {
              "line": 49,
              "column": 12
            },
            "end": {
              "line": 49,
              "column": 12
            }
          }
        ]
      }
    }
  },
  "C:\\IronKey\\hes\\cscie-71\\project\\medical-interchange\\routes\\membership.js": {
    "path": "C:\\IronKey\\hes\\cscie-71\\project\\medical-interchange\\routes\\membership.js",
    "s": {
      "1": 1,
      "2": 1,
      "3": 1,
      "4": 0,
      "5": 1
    },
    "b": {},
    "f": {
      "1": 1,
      "2": 0
    },
    "fnMap": {
      "1": {
        "name": "(anonymous_1)",
        "line": 2,
        "loc": {
          "start": {
            "line": 2,
            "column": 17
          },
          "end": {
            "line": 2,
            "column": 32
          }
        }
      },
      "2": {
        "name": "(anonymous_2)",
        "line": 3,
        "loc": {
          "start": {
            "line": 3,
            "column": 27
          },
          "end": {
            "line": 3,
            "column": 47
          }
        }
      }
    },
    "statementMap": {
      "1": {
        "start": {
          "line": 1,
          "column": 0
        },
        "end": {
          "line": 1,
          "column": 44
        }
      },
      "2": {
        "start": {
          "line": 2,
          "column": 0
        },
        "end": {
          "line": 6,
          "column": 2
        }
      },
      "3": {
        "start": {
          "line": 3,
          "column": 4
        },
        "end": {
          "line": 5,
          "column": 7
        }
      },
      "4": {
        "start": {
          "line": 4,
          "column": 8
        },
        "end": {
          "line": 4,
          "column": 33
        }
      },
      "5": {
        "start": {
          "line": 9,
          "column": 0
        },
        "end": {
          "line": 12,
          "column": 2
        }
      }
    },
    "branchMap": {}
  },
  "C:\\IronKey\\hes\\cscie-71\\project\\medical-interchange\\routes\\services.js": {
    "path": "C:\\IronKey\\hes\\cscie-71\\project\\medical-interchange\\routes\\services.js",
    "s": {
      "1": 1,
      "2": 1,
      "3": 1,
      "4": 0,
      "5": 1
    },
    "b": {},
    "f": {
      "1": 1,
      "2": 0
    },
    "fnMap": {
      "1": {
        "name": "(anonymous_1)",
        "line": 2,
        "loc": {
          "start": {
            "line": 2,
            "column": 17
          },
          "end": {
            "line": 2,
            "column": 32
          }
        }
      },
      "2": {
        "name": "(anonymous_2)",
        "line": 3,
        "loc": {
          "start": {
            "line": 3,
            "column": 25
          },
          "end": {
            "line": 3,
            "column": 45
          }
        }
      }
    },
    "statementMap": {
      "1": {
        "start": {
          "line": 1,
          "column": 0
        },
        "end": {
          "line": 1,
          "column": 44
        }
      },
      "2": {
        "start": {
          "line": 2,
          "column": 0
        },
        "end": {
          "line": 6,
          "column": 2
        }
      },
      "3": {
        "start": {
          "line": 3,
          "column": 4
        },
        "end": {
          "line": 5,
          "column": 7
        }
      },
      "4": {
        "start": {
          "line": 4,
          "column": 8
        },
        "end": {
          "line": 4,
          "column": 37
        }
      },
      "5": {
        "start": {
          "line": 9,
          "column": 0
        },
        "end": {
          "line": 12,
          "column": 2
        }
      }
    },
    "branchMap": {}
  }
}