TN:
SF:C:\IronKey\hes\cscie-71\project\medical-interchange\models\item.js
FNF:0
FNH:0
DA:1,1
DA:2,1
DA:3,1
DA:5,1
DA:12,1
DA:13,1
DA:14,1
LF:7
LH:7
BRF:0
BRH:0
end_of_record
TN:
SF:C:\IronKey\hes\cscie-71\project\medical-interchange\app.js
FN:10,(anonymous_1)
FN:59,(anonymous_2)
FNF:2
FNH:1
FNDA:1,(anonymous_1)
FNDA:0,(anonymous_2)
DA:1,1
DA:2,1
DA:3,1
DA:4,1
DA:5,1
DA:7,1
DA:10,1
DA:11,1
DA:12,0
DA:13,0
DA:17,1
DA:20,1
DA:23,1
DA:24,1
DA:25,1
DA:26,1
DA:27,1
DA:28,1
DA:29,1
DA:30,1
DA:32,1
DA:46,1
DA:47,1
DA:50,1
DA:51,1
DA:54,1
DA:55,1
DA:58,1
DA:59,0
DA:60,0
DA:64,1
LF:31
LH:27
BRDA:11,1,0,0
BRDA:11,1,1,1
BRDA:50,2,0,1
BRDA:50,2,1,0
BRDA:58,3,0,0
BRDA:58,3,1,1
BRF:6
BRH:3
end_of_record
TN:
SF:C:\IronKey\hes\cscie-71\project\medical-interchange\config\index.js
FNF:0
FNH:0
DA:1,1
DA:3,1
DA:4,1
DA:6,1
DA:7,2
DA:8,2
DA:12,1
LF:7
LH:7
BRDA:3,1,0,1
BRDA:3,1,1,1
BRDA:7,2,0,2
BRDA:7,2,1,0
BRF:4
BRH:3
end_of_record
TN:
SF:C:\IronKey\hes\cscie-71\project\medical-interchange\config\defaults.js
FNF:0
FNH:0
DA:1,1
LF:1
LH:1
BRF:0
BRH:0
end_of_record
TN:
SF:C:\IronKey\hes\cscie-71\project\medical-interchange\config\development.js
FNF:0
FNH:0
DA:1,1
LF:1
LH:1
BRDA:2,1,0,1
BRDA:2,1,1,1
BRF:2
BRH:2
end_of_record
TN:
SF:C:\IronKey\hes\cscie-71\project\medical-interchange\helpers.js
FN:5,(anonymous_1)
FN:7,(anonymous_2)
FN:23,(anonymous_3)
FN:31,(anonymous_4)
FNF:4
FNH:3
FNDA:1,(anonymous_1)
FNDA:36,(anonymous_2)
FNDA:2764,(anonymous_3)
FNDA:0,(anonymous_4)
DA:1,1
DA:3,1
DA:5,1
DA:6,1
DA:8,36
DA:9,28
DA:10,28
DA:12,28
DA:13,28
DA:14,28
DA:15,28
DA:18,0
DA:24,2764
DA:25,0
DA:28,2764
DA:33,0
DA:35,0
DA:36,0
DA:37,0
DA:38,0
DA:41,0
LF:21
LH:13
BRDA:8,1,0,28
BRDA:8,1,1,8
BRDA:8,2,0,36
BRDA:8,2,1,36
BRDA:9,3,0,28
BRDA:9,3,1,0
BRDA:9,4,0,28
BRDA:9,4,1,28
BRDA:12,5,0,28
BRDA:12,5,1,0
BRDA:18,6,0,0
BRDA:18,6,1,0
BRDA:24,7,0,0
BRDA:24,7,1,2764
BRDA:33,8,0,0
BRDA:33,8,1,0
BRDA:38,9,0,0
BRDA:38,9,1,0
BRF:18
BRH:9
end_of_record
TN:
SF:C:\IronKey\hes\cscie-71\project\medical-interchange\routes\index.js
FN:6,(anonymous_1)
FN:7,(anonymous_2)
FN:11,(anonymous_3)
FN:34,(anonymous_4)
FN:38,(anonymous_5)
FNF:5
FNH:4
FNDA:1,(anonymous_1)
FNDA:9,(anonymous_2)
FNDA:8,(anonymous_3)
FNDA:1,(anonymous_4)
FNDA:0,(anonymous_5)
DA:1,1
DA:4,1
DA:6,1
DA:7,1
DA:8,9
DA:11,1
DA:12,8
DA:14,8
DA:16,8
DA:17,8
DA:18,8
DA:19,8
DA:21,8
DA:22,8
DA:25,0
DA:27,0
DA:29,0
DA:34,1
DA:35,1
DA:38,1
DA:39,0
DA:43,1
LF:22
LH:18
BRDA:16,1,0,8
BRDA:16,1,1,0
BRDA:21,2,0,8
BRDA:21,2,1,0
BRDA:27,3,0,0
BRDA:27,3,1,0
BRF:6
BRH:2
end_of_record
TN:
SF:C:\IronKey\hes\cscie-71\project\medical-interchange\routes\about.js
FN:2,(anonymous_1)
FN:3,(anonymous_2)
FNF:2
FNH:1
FNDA:1,(anonymous_1)
FNDA:0,(anonymous_2)
DA:1,1
DA:2,1
DA:3,1
DA:4,0
DA:9,1
LF:5
LH:4
BRF:0
BRH:0
end_of_record
TN:
SF:C:\IronKey\hes\cscie-71\project\medical-interchange\lib\model-mapper.js
FN:3,(anonymous_1)
FN:10,(anonymous_2)
FN:12,(anonymous_3)
FN:42,(anonymous_4)
FNF:4
FNH:4
FNDA:1,(anonymous_1)
FNDA:1,(anonymous_2)
FNDA:6,(anonymous_3)
FNDA:1,(anonymous_4)
DA:1,1
DA:3,1
DA:4,1
DA:5,1
DA:7,1
DA:10,1
DA:11,1
DA:12,1
DA:13,6
DA:14,0
DA:15,0
DA:19,6
DA:20,1
DA:23,5
DA:24,0
DA:26,0
DA:27,0
DA:28,0
DA:32,0
DA:34,5
DA:35,0
DA:37,0
DA:42,1
DA:43,1
LF:24
LH:15
BRDA:5,1,0,1
BRDA:5,1,1,1
BRDA:7,2,0,1
BRDA:7,2,1,1
BRDA:13,3,0,0
BRDA:13,3,1,6
BRDA:14,4,0,0
BRDA:14,4,1,0
BRDA:19,5,0,1
BRDA:19,5,1,5
BRDA:23,6,0,0
BRDA:23,6,1,5
BRDA:26,7,0,0
BRDA:26,7,1,0
BRDA:27,8,0,0
BRDA:27,8,1,0
BRDA:32,9,0,0
BRDA:32,9,1,0
BRDA:32,9,2,0
BRDA:34,10,0,0
BRDA:34,10,1,5
BRF:21
BRH:9
end_of_record
TN:
SF:C:\IronKey\hes\cscie-71\project\medical-interchange\routes\beneficiaries.js
FN:2,(anonymous_1)
FN:3,(anonymous_2)
FNF:2
FNH:1
FNDA:1,(anonymous_1)
FNDA:0,(anonymous_2)
DA:1,1
DA:2,1
DA:3,1
DA:4,0
DA:9,1
LF:5
LH:4
BRF:0
BRH:0
end_of_record
TN:
SF:C:\IronKey\hes\cscie-71\project\medical-interchange\routes\conditions.js
FN:2,(anonymous_1)
FN:3,(anonymous_2)
FNF:2
FNH:1
FNDA:1,(anonymous_1)
FNDA:0,(anonymous_2)
DA:1,1
DA:2,1
DA:3,1
DA:4,0
DA:9,1
LF:5
LH:4
BRF:0
BRH:0
end_of_record
TN:
SF:C:\IronKey\hes\cscie-71\project\medical-interchange\routes\contact.js
FN:2,(anonymous_1)
FN:3,(anonymous_2)
FNF:2
FNH:1
FNDA:1,(anonymous_1)
FNDA:0,(anonymous_2)
DA:1,1
DA:2,1
DA:3,1
DA:4,0
DA:9,1
LF:5
LH:4
BRF:0
BRH:0
end_of_record
TN:
SF:C:\IronKey\hes\cscie-71\project\medical-interchange\routes\donors.js
FN:2,(anonymous_1)
FN:3,(anonymous_2)
FNF:2
FNH:1
FNDA:1,(anonymous_1)
FNDA:0,(anonymous_2)
DA:1,1
DA:2,1
DA:3,1
DA:4,0
DA:9,1
LF:5
LH:4
BRF:0
BRH:0
end_of_record
TN:
SF:C:\IronKey\hes\cscie-71\project\medical-interchange\routes\item.js
FN:4,(anonymous_1)
FN:6,(anonymous_2)
FN:7,(anonymous_3)
FN:17,(anonymous_4)
FN:18,(anonymous_5)
FN:23,(anonymous_6)
FN:27,(anonymous_7)
FN:30,(anonymous_8)
FN:41,(anonymous_9)
FN:45,(anonymous_10)
FN:48,(anonymous_11)
FN:57,(anonymous_12)
FN:61,(anonymous_13)
FN:65,(anonymous_14)
FN:66,(anonymous_15)
FNF:15
FNH:15
FNDA:1,(anonymous_1)
FNDA:5,(anonymous_2)
FNDA:5,(anonymous_3)
FNDA:9,(anonymous_4)
FNDA:9,(anonymous_5)
FNDA:1,(anonymous_6)
FNDA:7,(anonymous_7)
FNDA:7,(anonymous_8)
FNDA:1,(anonymous_9)
FNDA:1,(anonymous_10)
FNDA:1,(anonymous_11)
FNDA:1,(anonymous_12)
FNDA:1,(anonymous_13)
FNDA:1,(anonymous_14)
FNDA:1,(anonymous_15)
DA:1,1
DA:4,1
DA:6,1
DA:7,5
DA:8,5
DA:9,0
DA:11,5
DA:12,5
DA:17,1
DA:18,9
DA:19,9
DA:23,1
DA:24,1
DA:27,1
DA:28,7
DA:30,7
DA:31,7
DA:32,7
DA:36,0
DA:41,1
DA:42,1
DA:45,1
DA:46,1
DA:48,1
DA:49,1
DA:50,0
DA:52,1
DA:57,1
DA:58,1
DA:61,1
DA:62,1
DA:65,1
DA:66,1
DA:67,1
DA:73,1
LF:35
LH:32
BRDA:8,1,0,0
BRDA:8,1,1,5
BRDA:31,2,0,7
BRDA:31,2,1,0
BRDA:49,3,0,0
BRDA:49,3,1,1
BRF:6
BRH:3
end_of_record
TN:
SF:C:\IronKey\hes\cscie-71\project\medical-interchange\routes\membership.js
FN:2,(anonymous_1)
FN:3,(anonymous_2)
FNF:2
FNH:1
FNDA:1,(anonymous_1)
FNDA:0,(anonymous_2)
DA:1,1
DA:2,1
DA:3,1
DA:4,0
DA:9,1
LF:5
LH:4
BRF:0
BRH:0
end_of_record
TN:
SF:C:\IronKey\hes\cscie-71\project\medical-interchange\routes\services.js
FN:2,(anonymous_1)
FN:3,(anonymous_2)
FNF:2
FNH:1
FNDA:1,(anonymous_1)
FNDA:0,(anonymous_2)
DA:1,1
DA:2,1
DA:3,1
DA:4,0
DA:9,1
LF:5
LH:4
BRF:0
BRH:0
end_of_record
